<?xml version="1.0" encoding="UTF-8"?>
<!-- Generated by org.testng.reporters.JUnitXMLReporter -->
<testsuite hostname="LAPTOP-52U8V2GA" ignored="0" name="LoginTest" tests="1" failures="1" timestamp="12 Aug 2018 04:43:56 GMT" time="0.034" errors="0">
  <testcase name="loginAsBankManager" time="0.011" classname="com.madhukar.testcases.LoginTest">
    <failure type="java.lang.NullPointerException">
      <![CDATA[java.lang.NullPointerException
at com.madhukar.testcases.LoginTest.loginAsBankManager(LoginTest.java:16)
... Removed 25 stack frames]]>
    </failure>
  </testcase> <!-- loginAsBankManager -->
</testsuite> <!-- LoginTest -->
