<?xml version="1.0" encoding="UTF-8"?>
<testng-results skipped="0" failed="0" ignored="0" total="1" passed="1">
  <reporter-output>
  </reporter-output>
  <suite name="Default suite" duration-ms="893" started-at="2018-08-29T04:28:13Z" finished-at="2018-08-29T04:28:14Z">
    <groups>
    </groups>
    <test name="Default test" duration-ms="893" started-at="2018-08-29T04:28:13Z" finished-at="2018-08-29T04:28:14Z">
      <class name="com.madhukar.testcases.BankManagerLoginTest">
        <test-method status="PASS" signature="setUp()[pri:0, instance:com.madhukar.testcases.BankManagerLoginTest@7dc222ae]" name="setUp" is-config="true" duration-ms="33823" started-at="2018-08-29T04:27:40Z" finished-at="2018-08-29T04:28:13Z">
          <reporter-output>
          </reporter-output>
        </test-method> <!-- setUp -->
        <test-method status="PASS" signature="loginAsBankManager()[pri:0, instance:com.madhukar.testcases.BankManagerLoginTest@7dc222ae]" name="loginAsBankManager" duration-ms="545" started-at="2018-08-29T04:28:14Z" finished-at="2018-08-29T04:28:14Z">
          <reporter-output>
          </reporter-output>
        </test-method> <!-- loginAsBankManager -->
        <test-method status="PASS" signature="tearDown()[pri:0, instance:com.madhukar.testcases.BankManagerLoginTest@7dc222ae]" name="tearDown" is-config="true" duration-ms="3720" started-at="2018-08-29T04:28:15Z" finished-at="2018-08-29T04:28:18Z">
          <reporter-output>
          </reporter-output>
        </test-method> <!-- tearDown -->
      </class> <!-- com.madhukar.testcases.BankManagerLoginTest -->
    </test> <!-- Default test -->
  </suite> <!-- Default suite -->
</testng-results>
