<?xml version="1.0" encoding="UTF-8"?>
<!-- Generated by org.testng.reporters.JUnitXMLReporter -->
<testsuite hostname="LAPTOP-52U8V2GA" name="Test" tests="5" failures="0" timestamp="19 Jul 2018 06:27:34 GMT" time="0.047" errors="0">
  <testcase name="deleteCustomerTest" time="0.012" classname="com.actitime.CustomerTest1.CustomerTest"/>
  <testcase name="modifyCustomerTest" time="0.002" classname="com.actitime.CustomerTest1.CustomerTest"/>
  <testcase name="deleteUserTest" time="0.001" classname="com.actitime.UserTest.UserTest"/>
  <testcase name="deleteProjectTest" time="0.004" classname="com.actitime.projectTest.ProjectTest"/>
  <testcase name="modifyProjectTest" time="0.001" classname="com.actitime.projectTest.ProjectTest"/>
</testsuite> <!-- Test -->
