<?xml version="1.0" encoding="UTF-8"?>
<!-- Generated by org.testng.reporters.JUnitXMLReporter -->
<testsuite hostname="LAPTOP-52U8V2GA" name="Default test" tests="3" failures="0" timestamp="29 Aug 2018 04:35:19 GMT" time="43.17" errors="0">
  <testcase name="createCustomerTest" time="42.869" classname="com.actitime.CustomerTest1.CustomerTest"/>
  <testcase name="deleteCustomerTest" time="0.014" classname="com.actitime.CustomerTest1.CustomerTest"/>
  <testcase name="modifyCustomerTest" time="0.017" classname="com.actitime.CustomerTest1.CustomerTest"/>
</testsuite> <!-- Default test -->
